[debug] [2025-05-08T18:39:24.380Z] ----------------------------------------------------------------------
[debug] [2025-05-08T18:39:24.394Z] Command:       C:\Program Files\nodejs\node.exe C:\Users\Om Computers\AppData\Roaming\npm\node_modules\firebase-tools\lib\bin\firebase.js init
[debug] [2025-05-08T18:39:24.396Z] CLI Version:   14.3.0
[debug] [2025-05-08T18:39:24.397Z] Platform:      win32
[debug] [2025-05-08T18:39:24.398Z] Node Version:  v22.14.0
[debug] [2025-05-08T18:39:24.400Z] Time:          Thu May 08 2025 14:39:24 GMT-0400 (Eastern Daylight Time)
[debug] [2025-05-08T18:39:24.400Z] ----------------------------------------------------------------------
[debug] 
[debug] [2025-05-08T18:39:24.426Z] > command requires scopes: ["email","openid","https://www.googleapis.com/auth/cloudplatformprojects.readonly","https://www.googleapis.com/auth/firebase","https://www.googleapis.com/auth/cloud-platform"]
[debug] [2025-05-08T18:39:24.428Z] > authorizing via signed-in user (armannoyada9@gmail.com)
[info] 
     ######## #### ########  ######## ########     ###     ######  ########
     ##        ##  ##     ## ##       ##     ##  ##   ##  ##       ##
     ######    ##  ########  ######   ########  #########  ######  ######
     ##        ##  ##    ##  ##       ##     ## ##     ##       ## ##
     ##       #### ##     ## ######## ########  ##     ##  ######  ########

You're about to initialize a Firebase project in this directory:

  C:\Users\Om Computers\Desktop\giveaway

[info] 
=== Project Setup
[info] 
[info] First, let's associate this project directory with a Firebase project.
[info] You can create multiple project aliases by running firebase use --add, 
[info] but for now we'll just set up a default project.
[info] 
[debug] [2025-05-08T18:40:10.280Z] Checked if tokens are valid: true, expires at: 1746732634701
[debug] [2025-05-08T18:40:10.281Z] Checked if tokens are valid: true, expires at: 1746732634701
[debug] [2025-05-08T18:40:10.283Z] >>> [apiv2][query] GET https://firebase.googleapis.com/v1beta1/projects pageSize=100
[debug] [2025-05-08T18:40:11.235Z] <<< [apiv2][status] GET https://firebase.googleapis.com/v1beta1/projects 200
[debug] [2025-05-08T18:40:11.235Z] <<< [apiv2][body] GET https://firebase.googleapis.com/v1beta1/projects [omitted]
[info] i  Using project stu-giveaway (stu giveaway) 
[info] 
=== Hosting Setup
[debug] [2025-05-08T18:40:13.258Z] Checked if tokens are valid: true, expires at: 1746732634701
[debug] [2025-05-08T18:40:13.259Z] Checked if tokens are valid: true, expires at: 1746732634701
[debug] [2025-05-08T18:40:13.259Z] >>> [apiv2][query] GET https://firebase.googleapis.com/v1beta1/projects/stu-giveaway [none]
[debug] [2025-05-08T18:40:13.875Z] <<< [apiv2][status] GET https://firebase.googleapis.com/v1beta1/projects/stu-giveaway 200
[debug] [2025-05-08T18:40:13.876Z] <<< [apiv2][body] GET https://firebase.googleapis.com/v1beta1/projects/stu-giveaway {"projectId":"stu-giveaway","projectNumber":"50460032508","displayName":"stu giveaway","name":"projects/stu-giveaway","resources":{"hostingSite":"stu-giveaway"},"state":"ACTIVE","etag":"1_d25e676a-0ce8-414a-83ce-a00ec42ffd6c"}
[info] 
[info] Your public directory is the folder (relative to your project directory) that
[info] will contain Hosting assets to be uploaded with firebase deploy. If you
[info] have a build process for your assets, use your build's output directory.
[info] 
[debug] [2025-05-08T18:40:44.567Z] >>> [apiv2][query] GET https://www.gstatic.com/firebasejs/releases.json [none]
[debug] [2025-05-08T18:40:44.645Z] <<< [apiv2][status] GET https://www.gstatic.com/firebasejs/releases.json 200
[debug] [2025-05-08T18:40:44.645Z] <<< [apiv2][body] GET https://www.gstatic.com/firebasejs/releases.json {"current":{"version":"11.7.1","browserURL":"https://www.gstatic.com/firebasejs/11.7.1/firebase.js","packageURL":"https://www.gstatic.com/firebasejs/11.7.1/firebase.tgz"},"live":{"version":"11.7","browserURL":"https://www.gstatic.com/firebasejs/live/11.7/firebase.js","packageURL":"https://www.gstatic.com/firebasejs/live/11.7/firebase.tgz"},"components":{"analytics":"https://www.gstatic.com/firebasejs/11.7.1/firebase-analytics.js","app":"https://www.gstatic.com/firebasejs/11.7.1/firebase-app.js","app-check":"https://www.gstatic.com/firebasejs/11.7.1/firebase-app-check.js","auth":"https://www.gstatic.com/firebasejs/11.7.1/firebase-auth.js","auth/cordova":"https://www.gstatic.com/firebasejs/11.7.1/firebase-auth/cordova.js","auth/web-extension":"https://www.gstatic.com/firebasejs/11.7.1/firebase-auth/web-extension.js","functions":"https://www.gstatic.com/firebasejs/11.7.1/firebase-functions.js","firestore":"https://www.gstatic.com/firebasejs/11.7.1/firebase-firestore.js","firestore/lite":"https://www.gstatic.com/firebasejs/11.7.1/firebase-firestore/lite.js","installations":"https://www.gstatic.com/firebasejs/11.7.1/firebase-installations.js","storage":"https://www.gstatic.com/firebasejs/11.7.1/firebase-storage.js","performance":"https://www.gstatic.com/firebasejs/11.7.1/firebase-performance.js","remote-config":"https://www.gstatic.com/firebasejs/11.7.1/firebase-remote-config.js","messaging":"https://www.gstatic.com/firebasejs/11.7.1/firebase-messaging.js","messaging/sw":"https://www.gstatic.com/firebasejs/11.7.1/firebase-messaging/sw.js","database":"https://www.gstatic.com/firebasejs/11.7.1/firebase-database.js","vertexai":"https://www.gstatic.com/firebasejs/11.7.1/firebase-vertexai.js","data-connect":"https://www.gstatic.com/firebasejs/11.7.1/firebase-data-connect.js","firestore.memory":"https://www.gstatic.com/firebasejs/11.7.1/firebase-firestore.memory.js"}}
[info] +  Wrote public/index.html 
[info] 
[info] i  Didn't detect a .git folder. Assuming C:\Users\Om Computers\Desktop\giveaway is the project root. 
[info] i  Authorizing with GitHub to upload your service account to a GitHub repository's secrets store. 
[info] 
[info] Visit this URL on this device to log in:
[info] https://github.com/login/oauth/authorize?client_id=89cf50f02ac6aaed3484&state=240901592&redirect_uri=http%3A%2F%2Flocalhost%3A9005&scope=read%3Auser%20repo%20public_repo
[info] 
[info] Waiting for authentication...
[debug] [2025-05-08T18:41:07.536Z] >>> [apiv2][query] POST https://github.com/login/oauth/access_token [none]
[debug] [2025-05-08T18:41:07.538Z] >>> [apiv2][body] POST https://github.com/login/oauth/access_token [stream]
[debug] [2025-05-08T18:41:07.928Z] <<< [apiv2][status] POST https://github.com/login/oauth/access_token 200
[debug] [2025-05-08T18:41:07.929Z] <<< [apiv2][body] POST https://github.com/login/oauth/access_token {"access_token":"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","token_type":"bearer","scope":"read:user,repo"}
[debug] [2025-05-08T18:41:07.949Z] >>> [apiv2][query] GET https://api.github.com/user [none]
[debug] [2025-05-08T18:41:08.356Z] <<< [apiv2][status] GET https://api.github.com/user 200
[debug] [2025-05-08T18:41:08.356Z] <<< [apiv2][body] GET https://api.github.com/user {"login":"Armannoyada","id":112977284,"node_id":"U_kgDOBrvlhA","avatar_url":"https://avatars.githubusercontent.com/u/112977284?v=4","gravatar_id":"","url":"https://api.github.com/users/Armannoyada","html_url":"https://github.com/Armannoyada","followers_url":"https://api.github.com/users/Armannoyada/followers","following_url":"https://api.github.com/users/Armannoyada/following{/other_user}","gists_url":"https://api.github.com/users/Armannoyada/gists{/gist_id}","starred_url":"https://api.github.com/users/Armannoyada/starred{/owner}{/repo}","subscriptions_url":"https://api.github.com/users/Armannoyada/subscriptions","organizations_url":"https://api.github.com/users/Armannoyada/orgs","repos_url":"https://api.github.com/users/Armannoyada/repos","events_url":"https://api.github.com/users/Armannoyada/events{/privacy}","received_events_url":"https://api.github.com/users/Armannoyada/received_events","type":"User","user_view_type":"private","site_admin":false,"name":null,"company":null,"blog":"","location":null,"email":null,"hireable":null,"bio":null,"twitter_username":null,"notification_email":null,"public_repos":9,"public_gists":0,"followers":0,"following":0,"created_at":"2022-09-06T18:30:38Z","updated_at":"2025-05-05T18:53:41Z","private_gists":0,"total_private_repos":6,"owned_private_repos":6,"disk_usage":980003,"collaborators":0,"two_factor_authentication":false,"plan":{"name":"free","space":976562499,"collaborators":0,"private_repos":10000}}
[info] 
[info] +  Success! Logged into GitHub as Armannoyada 
[info] 
